{
    "StackEvents": [
        {
            "StackId": "arn:aws:cloudformation:us-west-1:311057178394:stack/eks-dev/0d4804e0-6e87-11f1-b40d-0625025ba0b3",
            "EventId": "4c28ea70-6e8d-11f1-ac75-067d89740091",
            "StackName": "eks-dev",
            "OperationId": "29bd6c85-c509-4b49-ad04-059198911aaa",
            "LogicalResourceId": "eks-dev",
            "PhysicalResourceId": "arn:aws:cloudformation:us-west-1:311057178394:stack/eks-dev/0d4804e0-6e87-11f1-b40d-0625025ba0b3",
            "ResourceType": "AWS::CloudFormation::Stack",
            "Timestamp": "2026-06-22T22:54:17.217000+00:00",
            "ResourceStatus": "ROLLBACK_COMPLETE",
            "ClientRequestToken": "b1e66204-44ab-4a85-947d-5a722c58963d"
        },
        {
            "StackId": "arn:aws:cloudformation:us-west-1:311057178394:stack/eks-dev/0d4804e0-6e87-11f1-b40d-0625025ba0b3",
            "EventId": "ClusterRole-DELETE_COMPLETE-2026-06-22T22:54:16.860Z",
            "StackName": "eks-dev",
            "OperationId": "29bd6c85-c509-4b49-ad04-059198911aaa",
            "LogicalResourceId": "ClusterRole",
            "PhysicalResourceId": "eks-dev-ClusterRole-O0VLsd1vvHKL",
            "ResourceType": "AWS::IAM::Role",
            "Timestamp": "2026-06-22T22:54:16.860000+00:00",
            "ResourceStatus": "DELETE_COMPLETE",
            "ResourceProperties": "{\"ManagedPolicyArns\":[\"arn:aws:iam::aws:policy/AmazonEKSClusterPolicy\"],\"AssumeRolePolicyDocument\":{\"Version\":\"2012-10-17\",\"Statement\":[{\"Action\":\"sts:AssumeRole\",\"Effect\":\"Allow\",\"Principal\":{\"Service\":\"eks.amazonaws.com\"}}]}}",
            "ClientRequestToken": "b1e66204-44ab-4a85-947d-5a722c58963d"
        },
        {
            "StackId": "arn:aws:cloudformation:us-west-1:311057178394:stack/eks-dev/0d4804e0-6e87-11f1-b40d-0625025ba0b3",
            "EventId": "VPC-DELETE_COMPLETE-2026-06-22T22:54:10.816Z",
            "StackName": "eks-dev",
            "OperationId": "29bd6c85-c509-4b49-ad04-059198911aaa",
            "LogicalResourceId": "VPC",
            "PhysicalResourceId": "vpc-07d5043064bc9c05e",
            "ResourceType": "AWS::EC2::VPC",
            "Timestamp": "2026-06-22T22:54:10.816000+00:00",
            "ResourceStatus": "DELETE_COMPLETE",
            "ResourceProperties": "{\"CidrBlock\":\"10.0.0.0/16\",\"EnableDnsSupport\":\"true\",\"EnableDnsHostnames\":\"true\",\"Tags\":[{\"Value\":\"eks-dev-vpc\",\"Key\":\"Name\"}]}",
            "ClientRequestToken": "b1e66204-44ab-4a85-947d-5a722c58963d"
        },
        {
            "StackId": "arn:aws:cloudformation:us-west-1:311057178394:stack/eks-dev/0d4804e0-6e87-11f1-b40d-0625025ba0b3",
            "EventId": "VPC-DELETE_IN_PROGRESS-2026-06-22T22:54:09.092Z",
            "StackName": "eks-dev",
            "OperationId": "29bd6c85-c509-4b49-ad04-059198911aaa",
            "LogicalResourceId": "VPC",
            "PhysicalResourceId": "vpc-07d5043064bc9c05e",
            "ResourceType": "AWS::EC2::VPC",
            "Timestamp": "2026-06-22T22:54:09.092000+00:00",
            "ResourceStatus": "DELETE_IN_PROGRESS",
            "ResourceProperties": "{\"CidrBlock\":\"10.0.0.0/16\",\"EnableDnsSupport\":\"true\",\"EnableDnsHostnames\":\"true\",\"Tags\":[{\"Value\":\"eks-dev-vpc\",\"Key\":\"Name\"}]}",
            "ClientRequestToken": "b1e66204-44ab-4a85-947d-5a722c58963d"
        },
        {
            "StackId": "arn:aws:cloudformation:us-west-1:311057178394:stack/eks-dev/0d4804e0-6e87-11f1-b40d-0625025ba0b3",
            "EventId": "PublicSubnet1-DELETE_COMPLETE-2026-06-22T22:54:08.763Z",
            "StackName": "eks-dev",
            "OperationId": "29bd6c85-c509-4b49-ad04-059198911aaa",
            "LogicalResourceId": "PublicSubnet1",
            "PhysicalResourceId": "subnet-0ee0d436cc8f7c681",
            "ResourceType": "AWS::EC2::Subnet",
            "Timestamp": "2026-06-22T22:54:08.763000+00:00",
            "ResourceStatus": "DELETE_COMPLETE",
            "ResourceProperties": "{\"VpcId\":\"vpc-07d5043064bc9c05e\",\"MapPublicIpOnLaunch\":\"true\",\"AvailabilityZone\":\"us-west-1a\",\"CidrBlock\":\"10.0.0.0/24\",\"Tags\":[{\"Value\":\"eks-dev-public-1\",\"Key\":\"Name\"},{\"Value\":\"1\",\"Key\":\"kubernetes.io/role/elb\"},{\"Value\":\"shared\",\"Key\":\"kubernetes.io/cluster/dev\"}]}",
            "ClientRequestToken": "b1e66204-44ab-4a85-947d-5a722c58963d"
        },
        {
            "StackId": "arn:aws:cloudformation:us-west-1:311057178394:stack/eks-dev/0d4804e0-6e87-11f1-b40d-0625025ba0b3",
            "EventId": "PublicSubnet2-DELETE_COMPLETE-2026-06-22T22:54:08.577Z",
            "StackName": "eks-dev",
            "OperationId": "29bd6c85-c509-4b49-ad04-059198911aaa",
            "LogicalResourceId": "PublicSubnet2",
            "PhysicalResourceId": "subnet-091497b9ca7af03e9",
            "ResourceType": "AWS::EC2::Subnet",
            "Timestamp": "2026-06-22T22:54:08.577000+00:00",
            "ResourceStatus": "DELETE_COMPLETE",
            "ResourceProperties": "{\"VpcId\":\"vpc-07d5043064bc9c05e\",\"MapPublicIpOnLaunch\":\"true\",\"AvailabilityZone\":\"us-west-1c\",\"CidrBlock\":\"10.0.1.0/24\",\"Tags\":[{\"Value\":\"eks-dev-public-2\",\"Key\":\"Name\"},{\"Value\":\"1\",\"Key\":\"kubernetes.io/role/elb\"},{\"Value\":\"shared\",\"Key\":\"kubernetes.io/cluster/dev\"}]}",
            "ClientRequestToken": "b1e66204-44ab-4a85-947d-5a722c58963d"
        },
        {
            "StackId": "arn:aws:cloudformation:us-west-1:311057178394:stack/eks-dev/0d4804e0-6e87-11f1-b40d-0625025ba0b3",
            "EventId": "PublicSubnet2-DELETE_IN_PROGRESS-2026-06-22T22:54:06.866Z",
            "StackName": "eks-dev",
            "OperationId": "29bd6c85-c509-4b49-ad04-059198911aaa",
            "LogicalResourceId": "PublicSubnet2",
            "PhysicalResourceId": "subnet-091497b9ca7af03e9",
            "ResourceType": "AWS::EC2::Subnet",
            "Timestamp": "2026-06-22T22:54:06.866000+00:00",
            "ResourceStatus": "DELETE_IN_PROGRESS",
            "ResourceProperties": "{\"VpcId\":\"vpc-07d5043064bc9c05e\",\"MapPublicIpOnLaunch\":\"true\",\"AvailabilityZone\":\"us-west-1c\",\"CidrBlock\":\"10.0.1.0/24\",\"Tags\":[{\"Value\":\"eks-dev-public-2\",\"Key\":\"Name\"},{\"Value\":\"1\",\"Key\":\"kubernetes.io/role/elb\"},{\"Value\":\"shared\",\"Key\":\"kubernetes.io/cluster/dev\"}]}",
            "ClientRequestToken": "b1e66204-44ab-4a85-947d-5a722c58963d"
        },
        {
            "StackId": "arn:aws:cloudformation:us-west-1:311057178394:stack/eks-dev/0d4804e0-6e87-11f1-b40d-0625025ba0b3",
            "EventId": "PublicSubnet1-DELETE_IN_PROGRESS-2026-06-22T22:54:06.864Z",
            "StackName": "eks-dev",
            "OperationId": "29bd6c85-c509-4b49-ad04-059198911aaa",
            "LogicalResourceId": "PublicSubnet1",
            "PhysicalResourceId": "subnet-0ee0d436cc8f7c681",
            "ResourceType": "AWS::EC2::Subnet",
            "Timestamp": "2026-06-22T22:54:06.864000+00:00",
            "ResourceStatus": "DELETE_IN_PROGRESS",
            "ResourceProperties": "{\"VpcId\":\"vpc-07d5043064bc9c05e\",\"MapPublicIpOnLaunch\":\"true\",\"AvailabilityZone\":\"us-west-1a\",\"CidrBlock\":\"10.0.0.0/24\",\"Tags\":[{\"Value\":\"eks-dev-public-1\",\"Key\":\"Name\"},{\"Value\":\"1\",\"Key\":\"kubernetes.io/role/elb\"},{\"Value\":\"shared\",\"Key\":\"kubernetes.io/cluster/dev\"}]}",
            "ClientRequestToken": "b1e66204-44ab-4a85-947d-5a722c58963d"
        },
        {
            "StackId": "arn:aws:cloudformation:us-west-1:311057178394:stack/eks-dev/0d4804e0-6e87-11f1-b40d-0625025ba0b3",
            "EventId": "ClusterRole-DELETE_IN_PROGRESS-2026-06-22T22:54:06.842Z",
            "StackName": "eks-dev",
            "OperationId": "29bd6c85-c509-4b49-ad04-059198911aaa",
            "LogicalResourceId": "ClusterRole",
            "PhysicalResourceId": "eks-dev-ClusterRole-O0VLsd1vvHKL",
            "ResourceType": "AWS::IAM::Role",
            "Timestamp": "2026-06-22T22:54:06.842000+00:00",
            "ResourceStatus": "DELETE_IN_PROGRESS",
            "ResourceProperties": "{\"ManagedPolicyArns\":[\"arn:aws:iam::aws:policy/AmazonEKSClusterPolicy\"],\"AssumeRolePolicyDocument\":{\"Version\":\"2012-10-17\",\"Statement\":[{\"Action\":\"sts:AssumeRole\",\"Effect\":\"Allow\",\"Principal\":{\"Service\":\"eks.amazonaws.com\"}}]}}",
            "ClientRequestToken": "b1e66204-44ab-4a85-947d-5a722c58963d"
        },
        {
            "StackId": "arn:aws:cloudformation:us-west-1:311057178394:stack/eks-dev/0d4804e0-6e87-11f1-b40d-0625025ba0b3",
            "EventId": "EKSCluster-DELETE_COMPLETE-2026-06-22T22:54:06.535Z",
            "StackName": "eks-dev",
            "OperationId": "29bd6c85-c509-4b49-ad04-059198911aaa",
            "LogicalResourceId": "EKSCluster",
            "PhysicalResourceId": "dev",
            "ResourceType": "AWS::EKS::Cluster",
            "Timestamp": "2026-06-22T22:54:06.535000+00:00",
            "ResourceStatus": "DELETE_COMPLETE",
            "ResourceProperties": "{\"AccessConfig\":{\"AuthenticationMode\":\"API_AND_CONFIG_MAP\",\"BootstrapClusterCreatorAdminPermissions\":\"true\"},\"RoleArn\":\"arn:aws:iam::311057178394:role/eks-dev-ClusterRole-O0VLsd1vvHKL\",\"ResourcesVpcConfig\":{\"EndpointPublicAccess\":\"true\",\"EndpointPrivateAccess\":\"true\",\"SubnetIds\":[\"subnet-0ee0d436cc8f7c681\",\"subnet-091497b9ca7af03e9\"]},\"Name\":\"dev\"}",
            "ClientRequestToken": "b1e66204-44ab-4a85-947d-5a722c58963d"
        },
        {
            "StackId": "arn:aws:cloudformation:us-west-1:311057178394:stack/eks-dev/0d4804e0-6e87-11f1-b40d-0625025ba0b3",
            "EventId": "NodeRole-DELETE_COMPLETE-2026-06-22T22:52:15.311Z",
            "StackName": "eks-dev",
            "OperationId": "29bd6c85-c509-4b49-ad04-059198911aaa",
            "LogicalResourceId": "NodeRole",
            "PhysicalResourceId": "eks-dev-NodeRole-VoNzj2uE7MxD",
            "ResourceType": "AWS::IAM::Role",
            "Timestamp": "2026-06-22T22:52:15.311000+00:00",
            "ResourceStatus": "DELETE_COMPLETE",
            "ResourceProperties": "{\"ManagedPolicyArns\":[\"arn:aws:iam::aws:policy/AmazonEKSWorkerNodePolicy\",\"arn:aws:iam::aws:policy/AmazonEKS_CNI_Policy\",\"arn:aws:iam::aws:policy/AmazonEC2ContainerRegistryReadOnly\"],\"AssumeRolePolicyDocument\":{\"Version\":\"2012-10-17\",\"Statement\":[{\"Action\":\"sts:AssumeRole\",\"Effect\":\"Allow\",\"Principal\":{\"Service\":\"ec2.amazonaws.com\"}}]}}",
            "ClientRequestToken": "b1e66204-44ab-4a85-947d-5a722c58963d"
        },
        {
            "StackId": "arn:aws:cloudformation:us-west-1:311057178394:stack/eks-dev/0d4804e0-6e87-11f1-b40d-0625025ba0b3",
            "EventId": "EKSCluster-DELETE_IN_PROGRESS-2026-06-22T22:52:04.832Z",
            "StackName": "eks-dev",
            "OperationId": "29bd6c85-c509-4b49-ad04-059198911aaa",
            "LogicalResourceId": "EKSCluster",
            "PhysicalResourceId": "dev",
            "ResourceType": "AWS::EKS::Cluster",
            "Timestamp": "2026-06-22T22:52:04.832000+00:00",
            "ResourceStatus": "DELETE_IN_PROGRESS",
            "ResourceProperties": "{\"AccessConfig\":{\"AuthenticationMode\":\"API_AND_CONFIG_MAP\",\"BootstrapClusterCreatorAdminPermissions\":\"true\"},\"RoleArn\":\"arn:aws:iam::311057178394:role/eks-dev-ClusterRole-O0VLsd1vvHKL\",\"ResourcesVpcConfig\":{\"EndpointPublicAccess\":\"true\",\"EndpointPrivateAccess\":\"true\",\"SubnetIds\":[\"subnet-0ee0d436cc8f7c681\",\"subnet-091497b9ca7af03e9\"]},\"Name\":\"dev\"}",
            "ClientRequestToken": "b1e66204-44ab-4a85-947d-5a722c58963d"
        },
        {
            "StackId": "arn:aws:cloudformation:us-west-1:311057178394:stack/eks-dev/0d4804e0-6e87-11f1-b40d-0625025ba0b3",
            "EventId": "NodeRole-DELETE_IN_PROGRESS-2026-06-22T22:52:04.677Z",
            "StackName": "eks-dev",
            "OperationId": "29bd6c85-c509-4b49-ad04-059198911aaa",
            "LogicalResourceId": "NodeRole",
            "PhysicalResourceId": "eks-dev-NodeRole-VoNzj2uE7MxD",
            "ResourceType": "AWS::IAM::Role",
            "Timestamp": "2026-06-22T22:52:04.677000+00:00",
            "ResourceStatus": "DELETE_IN_PROGRESS",
            "ResourceProperties": "{\"ManagedPolicyArns\":[\"arn:aws:iam::aws:policy/AmazonEKSWorkerNodePolicy\",\"arn:aws:iam::aws:policy/AmazonEKS_CNI_Policy\",\"arn:aws:iam::aws:policy/AmazonEC2ContainerRegistryReadOnly\"],\"AssumeRolePolicyDocument\":{\"Version\":\"2012-10-17\",\"Statement\":[{\"Action\":\"sts:AssumeRole\",\"Effect\":\"Allow\",\"Principal\":{\"Service\":\"ec2.amazonaws.com\"}}]}}",
            "ClientRequestToken": "b1e66204-44ab-4a85-947d-5a722c58963d"
        },
        {
            "StackId": "arn:aws:cloudformation:us-west-1:311057178394:stack/eks-dev/0d4804e0-6e87-11f1-b40d-0625025ba0b3",
            "EventId": "NodeGroup-DELETE_COMPLETE-2026-06-22T22:52:04.356Z",
            "StackName": "eks-dev",
            "OperationId": "29bd6c85-c509-4b49-ad04-059198911aaa",
            "LogicalResourceId": "NodeGroup",
            "PhysicalResourceId": "dev/dev-ng",
            "ResourceType": "AWS::EKS::Nodegroup",
            "Timestamp": "2026-06-22T22:52:04.356000+00:00",
            "ResourceStatus": "DELETE_COMPLETE",
            "ResourceProperties": "{\"NodegroupName\":\"dev-ng\",\"NodeRole\":\"arn:aws:iam::311057178394:role/eks-dev-NodeRole-VoNzj2uE7MxD\",\"Subnets\":[\"subnet-0ee0d436cc8f7c681\",\"subnet-091497b9ca7af03e9\"],\"AmiType\":\"AL2023_x86_64_STANDARD\",\"ScalingConfig\":{\"MinSize\":\"2\",\"DesiredSize\":\"2\",\"MaxSize\":\"3\"},\"ClusterName\":\"dev\",\"InstanceTypes\":[\"t3.medium\"]}",
            "ClientRequestToken": "b1e66204-44ab-4a85-947d-5a722c58963d"
        },
        {
            "StackId": "arn:aws:cloudformation:us-west-1:311057178394:stack/eks-dev/0d4804e0-6e87-11f1-b40d-0625025ba0b3",
            "EventId": "RouteTable-DELETE_COMPLETE-2026-06-22T22:52:00.397Z",
            "StackName": "eks-dev",
            "OperationId": "29bd6c85-c509-4b49-ad04-059198911aaa",
            "LogicalResourceId": "RouteTable",
            "PhysicalResourceId": "rtb-09043cf74abd51dda",
            "ResourceType": "AWS::EC2::RouteTable",
            "Timestamp": "2026-06-22T22:52:00.397000+00:00",
            "ResourceStatus": "DELETE_COMPLETE",
            "ResourceProperties": "{\"VpcId\":\"vpc-07d5043064bc9c05e\",\"Tags\":[{\"Value\":\"eks-dev-public-rt\",\"Key\":\"Name\"}]}",
            "ClientRequestToken": "b1e66204-44ab-4a85-947d-5a722c58963d"
        },
        {
            "StackId": "arn:aws:cloudformation:us-west-1:311057178394:stack/eks-dev/0d4804e0-6e87-11f1-b40d-0625025ba0b3",
            "EventId": "RouteTable-DELETE_IN_PROGRESS-2026-06-22T22:51:59.312Z",
            "StackName": "eks-dev",
            "OperationId": "29bd6c85-c509-4b49-ad04-059198911aaa",
            "LogicalResourceId": "RouteTable",
            "PhysicalResourceId": "rtb-09043cf74abd51dda",
            "ResourceType": "AWS::EC2::RouteTable",
            "Timestamp": "2026-06-22T22:51:59.312000+00:00",
            "ResourceStatus": "DELETE_IN_PROGRESS",
            "ResourceProperties": "{\"VpcId\":\"vpc-07d5043064bc9c05e\",\"Tags\":[{\"Value\":\"eks-dev-public-rt\",\"Key\":\"Name\"}]}",
            "ClientRequestToken": "b1e66204-44ab-4a85-947d-5a722c58963d"
        },
        {
            "StackId": "arn:aws:cloudformation:us-west-1:311057178394:stack/eks-dev/0d4804e0-6e87-11f1-b40d-0625025ba0b3",
            "EventId": "Subnet1RouteAssoc-DELETE_COMPLETE-2026-06-22T22:51:59.010Z",
            "StackName": "eks-dev",
            "OperationId": "29bd6c85-c509-4b49-ad04-059198911aaa",
            "LogicalResourceId": "Subnet1RouteAssoc",
            "PhysicalResourceId": "rtbassoc-0b87a6c149fb23667",
            "ResourceType": "AWS::EC2::SubnetRouteTableAssociation",
            "Timestamp": "2026-06-22T22:51:59.010000+00:00",
            "ResourceStatus": "DELETE_COMPLETE",
            "ResourceProperties": "{\"RouteTableId\":\"rtb-09043cf74abd51dda\",\"SubnetId\":\"subnet-0ee0d436cc8f7c681\"}",
            "ClientRequestToken": "b1e66204-44ab-4a85-947d-5a722c58963d"
        },
        {
            "StackId": "arn:aws:cloudformation:us-west-1:311057178394:stack/eks-dev/0d4804e0-6e87-11f1-b40d-0625025ba0b3",
            "EventId": "Subnet2RouteAssoc-DELETE_COMPLETE-2026-06-22T22:51:58.942Z",
            "StackName": "eks-dev",
            "OperationId": "29bd6c85-c509-4b49-ad04-059198911aaa",
            "LogicalResourceId": "Subnet2RouteAssoc",
            "PhysicalResourceId": "rtbassoc-0eaf451b6f7e3b39b",
            "ResourceType": "AWS::EC2::SubnetRouteTableAssociation",
            "Timestamp": "2026-06-22T22:51:58.942000+00:00",
            "ResourceStatus": "DELETE_COMPLETE",
            "ResourceProperties": "{\"RouteTableId\":\"rtb-09043cf74abd51dda\",\"SubnetId\":\"subnet-091497b9ca7af03e9\"}",
            "ClientRequestToken": "b1e66204-44ab-4a85-947d-5a722c58963d"
        },
        {
            "StackId": "arn:aws:cloudformation:us-west-1:311057178394:stack/eks-dev/0d4804e0-6e87-11f1-b40d-0625025ba0b3",
            "EventId": "InternetGateway-DELETE_COMPLETE-2026-06-22T22:51:46.840Z",
            "StackName": "eks-dev",
            "OperationId": "29bd6c85-c509-4b49-ad04-059198911aaa",
            "LogicalResourceId": "InternetGateway",
            "PhysicalResourceId": "igw-0b6943acce57002c1",
            "ResourceType": "AWS::EC2::InternetGateway",
            "Timestamp": "2026-06-22T22:51:46.840000+00:00",
            "ResourceStatus": "DELETE_COMPLETE",
            "ResourceProperties": "{\"Tags\":[{\"Value\":\"eks-dev-igw\",\"Key\":\"Name\"}]}",
            "ClientRequestToken": "b1e66204-44ab-4a85-947d-5a722c58963d"
        },
        {
            "StackId": "arn:aws:cloudformation:us-west-1:311057178394:stack/eks-dev/0d4804e0-6e87-11f1-b40d-0625025ba0b3",
            "EventId": "InternetGateway-DELETE_IN_PROGRESS-2026-06-22T22:51:45.831Z",
            "StackName": "eks-dev",
            "OperationId": "29bd6c85-c509-4b49-ad04-059198911aaa",
            "LogicalResourceId": "InternetGateway",
            "PhysicalResourceId": "igw-0b6943acce57002c1",
            "ResourceType": "AWS::EC2::InternetGateway",
            "Timestamp": "2026-06-22T22:51:45.831000+00:00",
            "ResourceStatus": "DELETE_IN_PROGRESS",
            "ResourceProperties": "{\"Tags\":[{\"Value\":\"eks-dev-igw\",\"Key\":\"Name\"}]}",
            "ClientRequestToken": "b1e66204-44ab-4a85-947d-5a722c58963d"
        },
        {
            "StackId": "arn:aws:cloudformation:us-west-1:311057178394:stack/eks-dev/0d4804e0-6e87-11f1-b40d-0625025ba0b3",
            "EventId": "VPCGatewayAttachment-DELETE_COMPLETE-2026-06-22T22:51:45.531Z",
            "StackName": "eks-dev",
            "OperationId": "29bd6c85-c509-4b49-ad04-059198911aaa",
            "LogicalResourceId": "VPCGatewayAttachment",
            "PhysicalResourceId": "IGW|vpc-07d5043064bc9c05e",
            "ResourceType": "AWS::EC2::VPCGatewayAttachment",
            "Timestamp": "2026-06-22T22:51:45.531000+00:00",
            "ResourceStatus": "DELETE_COMPLETE",
            "ResourceProperties": "{\"InternetGatewayId\":\"igw-0b6943acce57002c1\",\"VpcId\":\"vpc-07d5043064bc9c05e\"}",
            "ClientRequestToken": "b1e66204-44ab-4a85-947d-5a722c58963d"
        },
        {
            "StackId": "arn:aws:cloudformation:us-west-1:311057178394:stack/eks-dev/0d4804e0-6e87-11f1-b40d-0625025ba0b3",
            "EventId": "VPCGatewayAttachment-DELETE_IN_PROGRESS-2026-06-22T22:51:44.388Z",
            "StackName": "eks-dev",
            "OperationId": "29bd6c85-c509-4b49-ad04-059198911aaa",
            "LogicalResourceId": "VPCGatewayAttachment",
            "PhysicalResourceId": "IGW|vpc-07d5043064bc9c05e",
            "ResourceType": "AWS::EC2::VPCGatewayAttachment",
            "Timestamp": "2026-06-22T22:51:44.388000+00:00",
            "ResourceStatus": "DELETE_IN_PROGRESS",
            "ResourceProperties": "{\"InternetGatewayId\":\"igw-0b6943acce57002c1\",\"VpcId\":\"vpc-07d5043064bc9c05e\"}",
            "ClientRequestToken": "b1e66204-44ab-4a85-947d-5a722c58963d"
        },
        {
            "StackId": "arn:aws:cloudformation:us-west-1:311057178394:stack/eks-dev/0d4804e0-6e87-11f1-b40d-0625025ba0b3",
            "EventId": "DefaultRoute-DELETE_COMPLETE-2026-06-22T22:51:43.934Z",
            "StackName": "eks-dev",
            "OperationId": "29bd6c85-c509-4b49-ad04-059198911aaa",
            "LogicalResourceId": "DefaultRoute",
            "PhysicalResourceId": "rtb-09043cf74abd51dda|0.0.0.0/0",
            "ResourceType": "AWS::EC2::Route",
            "Timestamp": "2026-06-22T22:51:43.934000+00:00",
            "ResourceStatus": "DELETE_COMPLETE",
            "ResourceProperties": "{\"RouteTableId\":\"rtb-09043cf74abd51dda\",\"DestinationCidrBlock\":\"0.0.0.0/0\",\"GatewayId\":\"igw-0b6943acce57002c1\"}",
            "ClientRequestToken": "b1e66204-44ab-4a85-947d-5a722c58963d"
        },
        {
            "StackId": "arn:aws:cloudformation:us-west-1:311057178394:stack/eks-dev/0d4804e0-6e87-11f1-b40d-0625025ba0b3",
            "EventId": "Subnet2RouteAssoc-DELETE_IN_PROGRESS-2026-06-22T22:51:42.735Z",
            "StackName": "eks-dev",
            "OperationId": "29bd6c85-c509-4b49-ad04-059198911aaa",
            "LogicalResourceId": "Subnet2RouteAssoc",
            "PhysicalResourceId": "rtbassoc-0eaf451b6f7e3b39b",
            "ResourceType": "AWS::EC2::SubnetRouteTableAssociation",
            "Timestamp": "2026-06-22T22:51:42.735000+00:00",
            "ResourceStatus": "DELETE_IN_PROGRESS",
            "ResourceProperties": "{\"RouteTableId\":\"rtb-09043cf74abd51dda\",\"SubnetId\":\"subnet-091497b9ca7af03e9\"}",
            "ClientRequestToken": "b1e66204-44ab-4a85-947d-5a722c58963d"
        },
        {
            "StackId": "arn:aws:cloudformation:us-west-1:311057178394:stack/eks-dev/0d4804e0-6e87-11f1-b40d-0625025ba0b3",
            "EventId": "DefaultRoute-DELETE_IN_PROGRESS-2026-06-22T22:51:42.655Z",
            "StackName": "eks-dev",
            "OperationId": "29bd6c85-c509-4b49-ad04-059198911aaa",
            "LogicalResourceId": "DefaultRoute",
            "PhysicalResourceId": "rtb-09043cf74abd51dda|0.0.0.0/0",
            "ResourceType": "AWS::EC2::Route",
            "Timestamp": "2026-06-22T22:51:42.655000+00:00",
            "ResourceStatus": "DELETE_IN_PROGRESS",
            "ResourceProperties": "{\"RouteTableId\":\"rtb-09043cf74abd51dda\",\"DestinationCidrBlock\":\"0.0.0.0/0\",\"GatewayId\":\"igw-0b6943acce57002c1\"}",
            "ClientRequestToken": "b1e66204-44ab-4a85-947d-5a722c58963d"
        },
        {
            "StackId": "arn:aws:cloudformation:us-west-1:311057178394:stack/eks-dev/0d4804e0-6e87-11f1-b40d-0625025ba0b3",
            "EventId": "Subnet1RouteAssoc-DELETE_IN_PROGRESS-2026-06-22T22:51:42.652Z",
            "StackName": "eks-dev",
            "OperationId": "29bd6c85-c509-4b49-ad04-059198911aaa",
            "LogicalResourceId": "Subnet1RouteAssoc",
            "PhysicalResourceId": "rtbassoc-0b87a6c149fb23667",
            "ResourceType": "AWS::EC2::SubnetRouteTableAssociation",
            "Timestamp": "2026-06-22T22:51:42.652000+00:00",
            "ResourceStatus": "DELETE_IN_PROGRESS",
            "ResourceProperties": "{\"RouteTableId\":\"rtb-09043cf74abd51dda\",\"SubnetId\":\"subnet-0ee0d436cc8f7c681\"}",
            "ClientRequestToken": "b1e66204-44ab-4a85-947d-5a722c58963d"
        },
        {
            "StackId": "arn:aws:cloudformation:us-west-1:311057178394:stack/eks-dev/0d4804e0-6e87-11f1-b40d-0625025ba0b3",
            "EventId": "NodeGroup-DELETE_IN_PROGRESS-2026-06-22T22:51:42.649Z",
            "StackName": "eks-dev",
            "OperationId": "29bd6c85-c509-4b49-ad04-059198911aaa",
            "LogicalResourceId": "NodeGroup",
            "PhysicalResourceId": "dev/dev-ng",
            "ResourceType": "AWS::EKS::Nodegroup",
            "Timestamp": "2026-06-22T22:51:42.649000+00:00",
            "ResourceStatus": "DELETE_IN_PROGRESS",
            "ResourceProperties": "{\"NodegroupName\":\"dev-ng\",\"NodeRole\":\"arn:aws:iam::311057178394:role/eks-dev-NodeRole-VoNzj2uE7MxD\",\"Subnets\":[\"subnet-0ee0d436cc8f7c681\",\"subnet-091497b9ca7af03e9\"],\"AmiType\":\"AL2023_x86_64_STANDARD\",\"ScalingConfig\":{\"MinSize\":\"2\",\"DesiredSize\":\"2\",\"MaxSize\":\"3\"},\"ClusterName\":\"dev\",\"InstanceTypes\":[\"t3.medium\"]}",
            "ClientRequestToken": "b1e66204-44ab-4a85-947d-5a722c58963d"
        },
        {
            "StackId": "arn:aws:cloudformation:us-west-1:311057178394:stack/eks-dev/0d4804e0-6e87-11f1-b40d-0625025ba0b3",
            "EventId": "ef328ba0-6e8c-11f1-abb0-028020217735",
            "StackName": "eks-dev",
            "OperationId": "29bd6c85-c509-4b49-ad04-059198911aaa",
            "LogicalResourceId": "eks-dev",
            "PhysicalResourceId": "arn:aws:cloudformation:us-west-1:311057178394:stack/eks-dev/0d4804e0-6e87-11f1-b40d-0625025ba0b3",
            "ResourceType": "AWS::CloudFormation::Stack",
            "Timestamp": "2026-06-22T22:51:41.238000+00:00",
            "ResourceStatus": "ROLLBACK_IN_PROGRESS",
            "ResourceStatusReason": "The following resource(s) failed to create: [NodeGroup]. Rollback requested by user.",
            "ClientRequestToken": "b1e66204-44ab-4a85-947d-5a722c58963d"
        },
        {
            "StackId": "arn:aws:cloudformation:us-west-1:311057178394:stack/eks-dev/0d4804e0-6e87-11f1-b40d-0625025ba0b3",
            "EventId": "NodeGroup-CREATE_FAILED-2026-06-22T22:51:40.901Z",
            "StackName": "eks-dev",
            "OperationId": "54741cc1-dc5a-40e6-b264-1be8b9dc60f6",
            "LogicalResourceId": "NodeGroup",
            "PhysicalResourceId": "dev/dev-ng",
            "ResourceType": "AWS::EKS::Nodegroup",
            "Timestamp": "2026-06-22T22:51:40.901000+00:00",
            "ResourceStatus": "CREATE_FAILED",
            "ResourceStatusReason": "Resource handler returned message: \"[Issue(Code=AsgInstanceLaunchFailures, Message=Could not launch On-Demand Instances. InvalidParameterCombination - The specified instance type is not eligible for Free Tier. For a list of Free Tier instance types, run 'describe-instance-types' with the filter 'free-tier-eligible=true'. Launching EC2 instance failed., ResourceIds=[eks-dev-ng-5acf78b4-d2b7-7973-4dea-addc925c3458])] (Service: null, Status Code: 0, Request ID: null)\" (RequestToken: 3309bbec-ff81-0c88-3ec2-e8091a7e4286, HandlerErrorCode: GeneralServiceException)",
            "ResourceProperties": "{\"NodegroupName\":\"dev-ng\",\"NodeRole\":\"arn:aws:iam::311057178394:role/eks-dev-NodeRole-VoNzj2uE7MxD\",\"Subnets\":[\"subnet-0ee0d436cc8f7c681\",\"subnet-091497b9ca7af03e9\"],\"AmiType\":\"AL2023_x86_64_STANDARD\",\"ScalingConfig\":{\"MinSize\":\"2\",\"DesiredSize\":\"2\",\"MaxSize\":\"3\"},\"ClusterName\":\"dev\",\"InstanceTypes\":[\"t3.medium\"]}",
            "ClientRequestToken": "b1e66204-44ab-4a85-947d-5a722c58963d"
        },
        {
            "StackId": "arn:aws:cloudformation:us-west-1:311057178394:stack/eks-dev/0d4804e0-6e87-11f1-b40d-0625025ba0b3",
            "EventId": "NodeGroup-CREATE_IN_PROGRESS-2026-06-22T22:18:15.062Z",
            "StackName": "eks-dev",
            "OperationId": "54741cc1-dc5a-40e6-b264-1be8b9dc60f6",
            "LogicalResourceId": "NodeGroup",
            "PhysicalResourceId": "dev/dev-ng",
            "ResourceType": "AWS::EKS::Nodegroup",
            "Timestamp": "2026-06-22T22:18:15.062000+00:00",
            "ResourceStatus": "CREATE_IN_PROGRESS",
            "ResourceStatusReason": "Resource creation Initiated",
            "ResourceProperties": "{\"NodegroupName\":\"dev-ng\",\"NodeRole\":\"arn:aws:iam::311057178394:role/eks-dev-NodeRole-VoNzj2uE7MxD\",\"Subnets\":[\"subnet-0ee0d436cc8f7c681\",\"subnet-091497b9ca7af03e9\"],\"AmiType\":\"AL2023_x86_64_STANDARD\",\"ScalingConfig\":{\"MinSize\":\"2\",\"DesiredSize\":\"2\",\"MaxSize\":\"3\"},\"ClusterName\":\"dev\",\"InstanceTypes\":[\"t3.medium\"]}",
            "ClientRequestToken": "b1e66204-44ab-4a85-947d-5a722c58963d"
        },
        {
            "StackId": "arn:aws:cloudformation:us-west-1:311057178394:stack/eks-dev/0d4804e0-6e87-11f1-b40d-0625025ba0b3",
            "EventId": "NodeGroup-CREATE_IN_PROGRESS-2026-06-22T22:18:12.695Z",
            "StackName": "eks-dev",
            "OperationId": "54741cc1-dc5a-40e6-b264-1be8b9dc60f6",
            "LogicalResourceId": "NodeGroup",
            "PhysicalResourceId": "",
            "ResourceType": "AWS::EKS::Nodegroup",
            "Timestamp": "2026-06-22T22:18:12.695000+00:00",
            "ResourceStatus": "CREATE_IN_PROGRESS",
            "ResourceProperties": "{\"NodegroupName\":\"dev-ng\",\"NodeRole\":\"arn:aws:iam::311057178394:role/eks-dev-NodeRole-VoNzj2uE7MxD\",\"Subnets\":[\"subnet-0ee0d436cc8f7c681\",\"subnet-091497b9ca7af03e9\"],\"AmiType\":\"AL2023_x86_64_STANDARD\",\"ScalingConfig\":{\"MinSize\":\"2\",\"DesiredSize\":\"2\",\"MaxSize\":\"3\"},\"ClusterName\":\"dev\",\"InstanceTypes\":[\"t3.medium\"]}",
            "ClientRequestToken": "b1e66204-44ab-4a85-947d-5a722c58963d"
        },
        {
            "StackId": "arn:aws:cloudformation:us-west-1:311057178394:stack/eks-dev/0d4804e0-6e87-11f1-b40d-0625025ba0b3",
            "EventId": "EKSCluster-CREATE_COMPLETE-2026-06-22T22:18:11.899Z",
            "StackName": "eks-dev",
            "OperationId": "54741cc1-dc5a-40e6-b264-1be8b9dc60f6",
            "LogicalResourceId": "EKSCluster",
            "PhysicalResourceId": "dev",
            "ResourceType": "AWS::EKS::Cluster",
            "Timestamp": "2026-06-22T22:18:11.899000+00:00",
            "ResourceStatus": "CREATE_COMPLETE",
            "ResourceProperties": "{\"AccessConfig\":{\"AuthenticationMode\":\"API_AND_CONFIG_MAP\",\"BootstrapClusterCreatorAdminPermissions\":\"true\"},\"RoleArn\":\"arn:aws:iam::311057178394:role/eks-dev-ClusterRole-O0VLsd1vvHKL\",\"ResourcesVpcConfig\":{\"EndpointPublicAccess\":\"true\",\"EndpointPrivateAccess\":\"true\",\"SubnetIds\":[\"subnet-0ee0d436cc8f7c681\",\"subnet-091497b9ca7af03e9\"]},\"Name\":\"dev\"}",
            "ClientRequestToken": "b1e66204-44ab-4a85-947d-5a722c58963d"
        },
        {
            "StackId": "arn:aws:cloudformation:us-west-1:311057178394:stack/eks-dev/0d4804e0-6e87-11f1-b40d-0625025ba0b3",
            "EventId": "DefaultRoute-CREATE_COMPLETE-2026-06-22T22:10:13.991Z",
            "StackName": "eks-dev",
            "OperationId": "54741cc1-dc5a-40e6-b264-1be8b9dc60f6",
            "LogicalResourceId": "DefaultRoute",
            "PhysicalResourceId": "rtb-09043cf74abd51dda|0.0.0.0/0",
            "ResourceType": "AWS::EC2::Route",
            "Timestamp": "2026-06-22T22:10:13.991000+00:00",
            "ResourceStatus": "CREATE_COMPLETE",
            "ResourceProperties": "{\"RouteTableId\":\"rtb-09043cf74abd51dda\",\"DestinationCidrBlock\":\"0.0.0.0/0\",\"GatewayId\":\"igw-0b6943acce57002c1\"}",
            "ClientRequestToken": "b1e66204-44ab-4a85-947d-5a722c58963d"
        },
        {
            "StackId": "arn:aws:cloudformation:us-west-1:311057178394:stack/eks-dev/0d4804e0-6e87-11f1-b40d-0625025ba0b3",
            "EventId": "DefaultRoute-CREATE_IN_PROGRESS-2026-06-22T22:10:13.484Z",
            "StackName": "eks-dev",
            "OperationId": "54741cc1-dc5a-40e6-b264-1be8b9dc60f6",
            "LogicalResourceId": "DefaultRoute",
            "PhysicalResourceId": "rtb-09043cf74abd51dda|0.0.0.0/0",
            "ResourceType": "AWS::EC2::Route",
            "Timestamp": "2026-06-22T22:10:13.484000+00:00",
            "ResourceStatus": "CREATE_IN_PROGRESS",
            "ResourceStatusReason": "Resource creation Initiated",
            "ResourceProperties": "{\"RouteTableId\":\"rtb-09043cf74abd51dda\",\"DestinationCidrBlock\":\"0.0.0.0/0\",\"GatewayId\":\"igw-0b6943acce57002c1\"}",
            "ClientRequestToken": "b1e66204-44ab-4a85-947d-5a722c58963d"
        },
        {
            "StackId": "arn:aws:cloudformation:us-west-1:311057178394:stack/eks-dev/0d4804e0-6e87-11f1-b40d-0625025ba0b3",
            "EventId": "DefaultRoute-CREATE_IN_PROGRESS-2026-06-22T22:10:12.519Z",
            "StackName": "eks-dev",
            "OperationId": "54741cc1-dc5a-40e6-b264-1be8b9dc60f6",
            "LogicalResourceId": "DefaultRoute",
            "PhysicalResourceId": "",
            "ResourceType": "AWS::EC2::Route",
            "Timestamp": "2026-06-22T22:10:12.519000+00:00",
            "ResourceStatus": "CREATE_IN_PROGRESS",
            "ResourceProperties": "{\"RouteTableId\":\"rtb-09043cf74abd51dda\",\"DestinationCidrBlock\":\"0.0.0.0/0\",\"GatewayId\":\"igw-0b6943acce57002c1\"}",
            "ClientRequestToken": "b1e66204-44ab-4a85-947d-5a722c58963d"
        },
        {
            "StackId": "arn:aws:cloudformation:us-west-1:311057178394:stack/eks-dev/0d4804e0-6e87-11f1-b40d-0625025ba0b3",
            "EventId": "RouteTable-CREATE_COMPLETE-2026-06-22T22:10:12.109Z",
            "StackName": "eks-dev",
            "OperationId": "54741cc1-dc5a-40e6-b264-1be8b9dc60f6",
            "LogicalResourceId": "RouteTable",
            "PhysicalResourceId": "rtb-09043cf74abd51dda",
            "ResourceType": "AWS::EC2::RouteTable",
            "Timestamp": "2026-06-22T22:10:12.109000+00:00",
            "ResourceStatus": "CREATE_COMPLETE",
            "ResourceProperties": "{\"VpcId\":\"vpc-07d5043064bc9c05e\",\"Tags\":[{\"Value\":\"eks-dev-public-rt\",\"Key\":\"Name\"}]}",
            "ClientRequestToken": "b1e66204-44ab-4a85-947d-5a722c58963d"
        },
        {
            "StackId": "arn:aws:cloudformation:us-west-1:311057178394:stack/eks-dev/0d4804e0-6e87-11f1-b40d-0625025ba0b3",
            "EventId": "EKSCluster-CREATE_IN_PROGRESS-2026-06-22T22:10:09.017Z",
            "StackName": "eks-dev",
            "OperationId": "54741cc1-dc5a-40e6-b264-1be8b9dc60f6",
            "LogicalResourceId": "EKSCluster",
            "PhysicalResourceId": "dev",
            "ResourceType": "AWS::EKS::Cluster",
            "Timestamp": "2026-06-22T22:10:09.017000+00:00",
            "ResourceStatus": "CREATE_IN_PROGRESS",
            "ResourceStatusReason": "Resource creation Initiated",
            "ResourceProperties": "{\"AccessConfig\":{\"AuthenticationMode\":\"API_AND_CONFIG_MAP\",\"BootstrapClusterCreatorAdminPermissions\":\"true\"},\"RoleArn\":\"arn:aws:iam::311057178394:role/eks-dev-ClusterRole-O0VLsd1vvHKL\",\"ResourcesVpcConfig\":{\"EndpointPublicAccess\":\"true\",\"EndpointPrivateAccess\":\"true\",\"SubnetIds\":[\"subnet-0ee0d436cc8f7c681\",\"subnet-091497b9ca7af03e9\"]},\"Name\":\"dev\"}",
            "ClientRequestToken": "b1e66204-44ab-4a85-947d-5a722c58963d"
        },
        {
            "StackId": "arn:aws:cloudformation:us-west-1:311057178394:stack/eks-dev/0d4804e0-6e87-11f1-b40d-0625025ba0b3",
            "EventId": "Subnet2RouteAssoc-CREATE_COMPLETE-2026-06-22T22:10:07.171Z",
            "StackName": "eks-dev",
            "OperationId": "54741cc1-dc5a-40e6-b264-1be8b9dc60f6",
            "LogicalResourceId": "Subnet2RouteAssoc",
            "PhysicalResourceId": "rtbassoc-0eaf451b6f7e3b39b",
            "ResourceType": "AWS::EC2::SubnetRouteTableAssociation",
            "Timestamp": "2026-06-22T22:10:07.171000+00:00",
            "ResourceStatus": "CREATE_COMPLETE",
            "ResourceProperties": "{\"RouteTableId\":\"rtb-09043cf74abd51dda\",\"SubnetId\":\"subnet-091497b9ca7af03e9\"}",
            "ClientRequestToken": "b1e66204-44ab-4a85-947d-5a722c58963d"
        },
        {
            "StackId": "arn:aws:cloudformation:us-west-1:311057178394:stack/eks-dev/0d4804e0-6e87-11f1-b40d-0625025ba0b3",
            "EventId": "Subnet1RouteAssoc-CREATE_COMPLETE-2026-06-22T22:10:07.093Z",
            "StackName": "eks-dev",
            "OperationId": "54741cc1-dc5a-40e6-b264-1be8b9dc60f6",
            "LogicalResourceId": "Subnet1RouteAssoc",
            "PhysicalResourceId": "rtbassoc-0b87a6c149fb23667",
            "ResourceType": "AWS::EC2::SubnetRouteTableAssociation",
            "Timestamp": "2026-06-22T22:10:07.093000+00:00",
            "ResourceStatus": "CREATE_COMPLETE",
            "ResourceProperties": "{\"RouteTableId\":\"rtb-09043cf74abd51dda\",\"SubnetId\":\"subnet-0ee0d436cc8f7c681\"}",
            "ClientRequestToken": "b1e66204-44ab-4a85-947d-5a722c58963d"
        },
        {
            "StackId": "arn:aws:cloudformation:us-west-1:311057178394:stack/eks-dev/0d4804e0-6e87-11f1-b40d-0625025ba0b3",
            "EventId": "Subnet2RouteAssoc-CREATE_IN_PROGRESS-2026-06-22T22:10:06.636Z",
            "StackName": "eks-dev",
            "OperationId": "54741cc1-dc5a-40e6-b264-1be8b9dc60f6",
            "LogicalResourceId": "Subnet2RouteAssoc",
            "PhysicalResourceId": "rtbassoc-0eaf451b6f7e3b39b",
            "ResourceType": "AWS::EC2::SubnetRouteTableAssociation",
            "Timestamp": "2026-06-22T22:10:06.636000+00:00",
            "ResourceStatus": "CREATE_IN_PROGRESS",
            "ResourceStatusReason": "Resource creation Initiated",
            "ResourceProperties": "{\"RouteTableId\":\"rtb-09043cf74abd51dda\",\"SubnetId\":\"subnet-091497b9ca7af03e9\"}",
            "ClientRequestToken": "b1e66204-44ab-4a85-947d-5a722c58963d"
        },
        {
            "StackId": "arn:aws:cloudformation:us-west-1:311057178394:stack/eks-dev/0d4804e0-6e87-11f1-b40d-0625025ba0b3",
            "EventId": "Subnet1RouteAssoc-CREATE_IN_PROGRESS-2026-06-22T22:10:06.605Z",
            "StackName": "eks-dev",
            "OperationId": "54741cc1-dc5a-40e6-b264-1be8b9dc60f6",
            "LogicalResourceId": "Subnet1RouteAssoc",
            "PhysicalResourceId": "rtbassoc-0b87a6c149fb23667",
            "ResourceType": "AWS::EC2::SubnetRouteTableAssociation",
            "Timestamp": "2026-06-22T22:10:06.605000+00:00",
            "ResourceStatus": "CREATE_IN_PROGRESS",
            "ResourceStatusReason": "Resource creation Initiated",
            "ResourceProperties": "{\"RouteTableId\":\"rtb-09043cf74abd51dda\",\"SubnetId\":\"subnet-0ee0d436cc8f7c681\"}",
            "ClientRequestToken": "b1e66204-44ab-4a85-947d-5a722c58963d"
        },
        {
            "StackId": "arn:aws:cloudformation:us-west-1:311057178394:stack/eks-dev/0d4804e0-6e87-11f1-b40d-0625025ba0b3",
            "EventId": "EKSCluster-CREATE_IN_PROGRESS-2026-06-22T22:10:05.844Z",
            "StackName": "eks-dev",
            "OperationId": "54741cc1-dc5a-40e6-b264-1be8b9dc60f6",
            "LogicalResourceId": "EKSCluster",
            "PhysicalResourceId": "",
            "ResourceType": "AWS::EKS::Cluster",
            "Timestamp": "2026-06-22T22:10:05.844000+00:00",
            "ResourceStatus": "CREATE_IN_PROGRESS",
            "ResourceProperties": "{\"AccessConfig\":{\"AuthenticationMode\":\"API_AND_CONFIG_MAP\",\"BootstrapClusterCreatorAdminPermissions\":\"true\"},\"RoleArn\":\"arn:aws:iam::311057178394:role/eks-dev-ClusterRole-O0VLsd1vvHKL\",\"ResourcesVpcConfig\":{\"EndpointPublicAccess\":\"true\",\"EndpointPrivateAccess\":\"true\",\"SubnetIds\":[\"subnet-0ee0d436cc8f7c681\",\"subnet-091497b9ca7af03e9\"]},\"Name\":\"dev\"}",
            "ClientRequestToken": "b1e66204-44ab-4a85-947d-5a722c58963d"
        },
        {
            "StackId": "arn:aws:cloudformation:us-west-1:311057178394:stack/eks-dev/0d4804e0-6e87-11f1-b40d-0625025ba0b3",
            "EventId": "Subnet2RouteAssoc-CREATE_IN_PROGRESS-2026-06-22T22:10:05.464Z",
            "StackName": "eks-dev",
            "OperationId": "54741cc1-dc5a-40e6-b264-1be8b9dc60f6",
            "LogicalResourceId": "Subnet2RouteAssoc",
            "PhysicalResourceId": "",
            "ResourceType": "AWS::EC2::SubnetRouteTableAssociation",
            "Timestamp": "2026-06-22T22:10:05.464000+00:00",
            "ResourceStatus": "CREATE_IN_PROGRESS",
            "ResourceProperties": "{\"RouteTableId\":\"rtb-09043cf74abd51dda\",\"SubnetId\":\"subnet-091497b9ca7af03e9\"}",
            "ClientRequestToken": "b1e66204-44ab-4a85-947d-5a722c58963d"
        },
        {
            "StackId": "arn:aws:cloudformation:us-west-1:311057178394:stack/eks-dev/0d4804e0-6e87-11f1-b40d-0625025ba0b3",
            "EventId": "Subnet1RouteAssoc-CREATE_IN_PROGRESS-2026-06-22T22:10:05.426Z",
            "StackName": "eks-dev",
            "OperationId": "54741cc1-dc5a-40e6-b264-1be8b9dc60f6",
            "LogicalResourceId": "Subnet1RouteAssoc",
            "PhysicalResourceId": "",
            "ResourceType": "AWS::EC2::SubnetRouteTableAssociation",
            "Timestamp": "2026-06-22T22:10:05.426000+00:00",
            "ResourceStatus": "CREATE_IN_PROGRESS",
            "ResourceProperties": "{\"RouteTableId\":\"rtb-09043cf74abd51dda\",\"SubnetId\":\"subnet-0ee0d436cc8f7c681\"}",
            "ClientRequestToken": "b1e66204-44ab-4a85-947d-5a722c58963d"
        },
        {
            "StackId": "arn:aws:cloudformation:us-west-1:311057178394:stack/eks-dev/0d4804e0-6e87-11f1-b40d-0625025ba0b3",
            "EventId": "PublicSubnet2-CREATE_COMPLETE-2026-06-22T22:10:05.084Z",
            "StackName": "eks-dev",
            "OperationId": "54741cc1-dc5a-40e6-b264-1be8b9dc60f6",
            "LogicalResourceId": "PublicSubnet2",
            "PhysicalResourceId": "subnet-091497b9ca7af03e9",
            "ResourceType": "AWS::EC2::Subnet",
            "Timestamp": "2026-06-22T22:10:05.084000+00:00",
            "ResourceStatus": "CREATE_COMPLETE",
            "ResourceProperties": "{\"VpcId\":\"vpc-07d5043064bc9c05e\",\"MapPublicIpOnLaunch\":\"true\",\"AvailabilityZone\":\"us-west-1c\",\"CidrBlock\":\"10.0.1.0/24\",\"Tags\":[{\"Value\":\"eks-dev-public-2\",\"Key\":\"Name\"},{\"Value\":\"1\",\"Key\":\"kubernetes.io/role/elb\"},{\"Value\":\"shared\",\"Key\":\"kubernetes.io/cluster/dev\"}]}",
            "ClientRequestToken": "b1e66204-44ab-4a85-947d-5a722c58963d"
        },
        {
            "StackId": "arn:aws:cloudformation:us-west-1:311057178394:stack/eks-dev/0d4804e0-6e87-11f1-b40d-0625025ba0b3",
            "EventId": "PublicSubnet1-CREATE_COMPLETE-2026-06-22T22:10:05.063Z",
            "StackName": "eks-dev",
            "OperationId": "54741cc1-dc5a-40e6-b264-1be8b9dc60f6",
            "LogicalResourceId": "PublicSubnet1",
            "PhysicalResourceId": "subnet-0ee0d436cc8f7c681",
            "ResourceType": "AWS::EC2::Subnet",
            "Timestamp": "2026-06-22T22:10:05.063000+00:00",
            "ResourceStatus": "CREATE_COMPLETE",
            "ResourceProperties": "{\"VpcId\":\"vpc-07d5043064bc9c05e\",\"MapPublicIpOnLaunch\":\"true\",\"AvailabilityZone\":\"us-west-1a\",\"CidrBlock\":\"10.0.0.0/24\",\"Tags\":[{\"Value\":\"eks-dev-public-1\",\"Key\":\"Name\"},{\"Value\":\"1\",\"Key\":\"kubernetes.io/role/elb\"},{\"Value\":\"shared\",\"Key\":\"kubernetes.io/cluster/dev\"}]}",
            "ClientRequestToken": "b1e66204-44ab-4a85-947d-5a722c58963d"
        },
        {
            "StackId": "arn:aws:cloudformation:us-west-1:311057178394:stack/eks-dev/0d4804e0-6e87-11f1-b40d-0625025ba0b3",
            "EventId": "NodeRole-CREATE_COMPLETE-2026-06-22T22:10:04.895Z",
            "StackName": "eks-dev",
            "OperationId": "54741cc1-dc5a-40e6-b264-1be8b9dc60f6",
            "LogicalResourceId": "NodeRole",
            "PhysicalResourceId": "eks-dev-NodeRole-VoNzj2uE7MxD",
            "ResourceType": "AWS::IAM::Role",
            "Timestamp": "2026-06-22T22:10:04.895000+00:00",
            "ResourceStatus": "CREATE_COMPLETE",
            "ResourceProperties": "{\"ManagedPolicyArns\":[\"arn:aws:iam::aws:policy/AmazonEKSWorkerNodePolicy\",\"arn:aws:iam::aws:policy/AmazonEKS_CNI_Policy\",\"arn:aws:iam::aws:policy/AmazonEC2ContainerRegistryReadOnly\"],\"AssumeRolePolicyDocument\":{\"Version\":\"2012-10-17\",\"Statement\":[{\"Action\":\"sts:AssumeRole\",\"Effect\":\"Allow\",\"Principal\":{\"Service\":\"ec2.amazonaws.com\"}}]}}",
            "ClientRequestToken": "b1e66204-44ab-4a85-947d-5a722c58963d"
        },
        {
            "StackId": "arn:aws:cloudformation:us-west-1:311057178394:stack/eks-dev/0d4804e0-6e87-11f1-b40d-0625025ba0b3",
            "EventId": "ClusterRole-CREATE_COMPLETE-2026-06-22T22:10:04.720Z",
            "StackName": "eks-dev",
            "OperationId": "54741cc1-dc5a-40e6-b264-1be8b9dc60f6",
            "LogicalResourceId": "ClusterRole",
            "PhysicalResourceId": "eks-dev-ClusterRole-O0VLsd1vvHKL",
            "ResourceType": "AWS::IAM::Role",
            "Timestamp": "2026-06-22T22:10:04.720000+00:00",
            "ResourceStatus": "CREATE_COMPLETE",
            "ResourceProperties": "{\"ManagedPolicyArns\":[\"arn:aws:iam::aws:policy/AmazonEKSClusterPolicy\"],\"AssumeRolePolicyDocument\":{\"Version\":\"2012-10-17\",\"Statement\":[{\"Action\":\"sts:AssumeRole\",\"Effect\":\"Allow\",\"Principal\":{\"Service\":\"eks.amazonaws.com\"}}]}}",
            "ClientRequestToken": "b1e66204-44ab-4a85-947d-5a722c58963d"
        },
        {
            "StackId": "arn:aws:cloudformation:us-west-1:311057178394:stack/eks-dev/0d4804e0-6e87-11f1-b40d-0625025ba0b3",
            "EventId": "InternetGateway-CREATE_COMPLETE-2026-06-22T22:10:03.668Z",
            "StackName": "eks-dev",
            "OperationId": "54741cc1-dc5a-40e6-b264-1be8b9dc60f6",
            "LogicalResourceId": "InternetGateway",
            "PhysicalResourceId": "igw-0b6943acce57002c1",
            "ResourceType": "AWS::EC2::InternetGateway",
            "Timestamp": "2026-06-22T22:10:03.668000+00:00",
            "ResourceStatus": "CREATE_COMPLETE",
            "ResourceProperties": "{\"Tags\":[{\"Value\":\"eks-dev-igw\",\"Key\":\"Name\"}]}",
            "ClientRequestToken": "b1e66204-44ab-4a85-947d-5a722c58963d"
        },
        {
            "StackId": "arn:aws:cloudformation:us-west-1:311057178394:stack/eks-dev/0d4804e0-6e87-11f1-b40d-0625025ba0b3",
            "EventId": "VPCGatewayAttachment-CREATE_COMPLETE-2026-06-22T22:10:03.123Z",
            "StackName": "eks-dev",
            "OperationId": "54741cc1-dc5a-40e6-b264-1be8b9dc60f6",
            "LogicalResourceId": "VPCGatewayAttachment",
            "PhysicalResourceId": "IGW|vpc-07d5043064bc9c05e",
            "ResourceType": "AWS::EC2::VPCGatewayAttachment",
            "Timestamp": "2026-06-22T22:10:03.123000+00:00",
            "ResourceStatus": "CREATE_COMPLETE",
            "ResourceProperties": "{\"InternetGatewayId\":\"igw-0b6943acce57002c1\",\"VpcId\":\"vpc-07d5043064bc9c05e\"}",
            "ClientRequestToken": "b1e66204-44ab-4a85-947d-5a722c58963d"
        },
        {
            "StackId": "arn:aws:cloudformation:us-west-1:311057178394:stack/eks-dev/0d4804e0-6e87-11f1-b40d-0625025ba0b3",
            "EventId": "RouteTable-178096da-b6c3-43f2-89f5-cbfc996373f5",
            "StackName": "eks-dev",
            "OperationId": "54741cc1-dc5a-40e6-b264-1be8b9dc60f6",
            "LogicalResourceId": "RouteTable",
            "PhysicalResourceId": "rtb-09043cf74abd51dda",
            "ResourceType": "AWS::EC2::RouteTable",
            "Timestamp": "2026-06-22T22:10:01.944000+00:00",
            "ResourceStatus": "CREATE_IN_PROGRESS",
            "ResourceStatusReason": "Eventual consistency check initiated",
            "ClientRequestToken": "b1e66204-44ab-4a85-947d-5a722c58963d",
            "DetailedStatus": "CONFIGURATION_COMPLETE"
        },
        {
            "StackId": "arn:aws:cloudformation:us-west-1:311057178394:stack/eks-dev/0d4804e0-6e87-11f1-b40d-0625025ba0b3",
            "EventId": "PublicSubnet2-CREATE_IN_PROGRESS-2026-06-22T22:10:01.743Z",
            "StackName": "eks-dev",
            "OperationId": "54741cc1-dc5a-40e6-b264-1be8b9dc60f6",
            "LogicalResourceId": "PublicSubnet2",
            "PhysicalResourceId": "subnet-091497b9ca7af03e9",
            "ResourceType": "AWS::EC2::Subnet",
            "Timestamp": "2026-06-22T22:10:01.743000+00:00",
            "ResourceStatus": "CREATE_IN_PROGRESS",
            "ResourceStatusReason": "Resource creation Initiated",
            "ResourceProperties": "{\"VpcId\":\"vpc-07d5043064bc9c05e\",\"MapPublicIpOnLaunch\":\"true\",\"AvailabilityZone\":\"us-west-1c\",\"CidrBlock\":\"10.0.1.0/24\",\"Tags\":[{\"Value\":\"eks-dev-public-2\",\"Key\":\"Name\"},{\"Value\":\"1\",\"Key\":\"kubernetes.io/role/elb\"},{\"Value\":\"shared\",\"Key\":\"kubernetes.io/cluster/dev\"}]}",
            "ClientRequestToken": "b1e66204-44ab-4a85-947d-5a722c58963d"
        },
        {
            "StackId": "arn:aws:cloudformation:us-west-1:311057178394:stack/eks-dev/0d4804e0-6e87-11f1-b40d-0625025ba0b3",
            "EventId": "PublicSubnet1-CREATE_IN_PROGRESS-2026-06-22T22:10:01.645Z",
            "StackName": "eks-dev",
            "OperationId": "54741cc1-dc5a-40e6-b264-1be8b9dc60f6",
            "LogicalResourceId": "PublicSubnet1",
            "PhysicalResourceId": "subnet-0ee0d436cc8f7c681",
            "ResourceType": "AWS::EC2::Subnet",
            "Timestamp": "2026-06-22T22:10:01.645000+00:00",
            "ResourceStatus": "CREATE_IN_PROGRESS",
            "ResourceStatusReason": "Resource creation Initiated",
            "ResourceProperties": "{\"VpcId\":\"vpc-07d5043064bc9c05e\",\"MapPublicIpOnLaunch\":\"true\",\"AvailabilityZone\":\"us-west-1a\",\"CidrBlock\":\"10.0.0.0/24\",\"Tags\":[{\"Value\":\"eks-dev-public-1\",\"Key\":\"Name\"},{\"Value\":\"1\",\"Key\":\"kubernetes.io/role/elb\"},{\"Value\":\"shared\",\"Key\":\"kubernetes.io/cluster/dev\"}]}",
            "ClientRequestToken": "b1e66204-44ab-4a85-947d-5a722c58963d"
        },
        {
            "StackId": "arn:aws:cloudformation:us-west-1:311057178394:stack/eks-dev/0d4804e0-6e87-11f1-b40d-0625025ba0b3",
            "EventId": "RouteTable-CREATE_IN_PROGRESS-2026-06-22T22:10:01.384Z",
            "StackName": "eks-dev",
            "OperationId": "54741cc1-dc5a-40e6-b264-1be8b9dc60f6",
            "LogicalResourceId": "RouteTable",
            "PhysicalResourceId": "rtb-09043cf74abd51dda",
            "ResourceType": "AWS::EC2::RouteTable",
            "Timestamp": "2026-06-22T22:10:01.384000+00:00",
            "ResourceStatus": "CREATE_IN_PROGRESS",
            "ResourceStatusReason": "Resource creation Initiated",
            "ResourceProperties": "{\"VpcId\":\"vpc-07d5043064bc9c05e\",\"Tags\":[{\"Value\":\"eks-dev-public-rt\",\"Key\":\"Name\"}]}",
            "ClientRequestToken": "b1e66204-44ab-4a85-947d-5a722c58963d"
        },
        {
            "StackId": "arn:aws:cloudformation:us-west-1:311057178394:stack/eks-dev/0d4804e0-6e87-11f1-b40d-0625025ba0b3",
            "EventId": "VPCGatewayAttachment-CREATE_IN_PROGRESS-2026-06-22T22:10:01.249Z",
            "StackName": "eks-dev",
            "OperationId": "54741cc1-dc5a-40e6-b264-1be8b9dc60f6",
            "LogicalResourceId": "VPCGatewayAttachment",
            "PhysicalResourceId": "IGW|vpc-07d5043064bc9c05e",
            "ResourceType": "AWS::EC2::VPCGatewayAttachment",
            "Timestamp": "2026-06-22T22:10:01.249000+00:00",
            "ResourceStatus": "CREATE_IN_PROGRESS",
            "ResourceStatusReason": "Resource creation Initiated",
            "ResourceProperties": "{\"InternetGatewayId\":\"igw-0b6943acce57002c1\",\"VpcId\":\"vpc-07d5043064bc9c05e\"}",
            "ClientRequestToken": "b1e66204-44ab-4a85-947d-5a722c58963d"
        },
        {
            "StackId": "arn:aws:cloudformation:us-west-1:311057178394:stack/eks-dev/0d4804e0-6e87-11f1-b40d-0625025ba0b3",
            "EventId": "VPCGatewayAttachment-CREATE_IN_PROGRESS-2026-06-22T22:10:00.505Z",
            "StackName": "eks-dev",
            "OperationId": "54741cc1-dc5a-40e6-b264-1be8b9dc60f6",
            "LogicalResourceId": "VPCGatewayAttachment",
            "PhysicalResourceId": "",
            "ResourceType": "AWS::EC2::VPCGatewayAttachment",
            "Timestamp": "2026-06-22T22:10:00.505000+00:00",
            "ResourceStatus": "CREATE_IN_PROGRESS",
            "ResourceProperties": "{\"InternetGatewayId\":\"igw-0b6943acce57002c1\",\"VpcId\":\"vpc-07d5043064bc9c05e\"}",
            "ClientRequestToken": "b1e66204-44ab-4a85-947d-5a722c58963d"
        },
        {
            "StackId": "arn:aws:cloudformation:us-west-1:311057178394:stack/eks-dev/0d4804e0-6e87-11f1-b40d-0625025ba0b3",
            "EventId": "PublicSubnet1-CREATE_IN_PROGRESS-2026-06-22T22:10:00.498Z",
            "StackName": "eks-dev",
            "OperationId": "54741cc1-dc5a-40e6-b264-1be8b9dc60f6",
            "LogicalResourceId": "PublicSubnet1",
            "PhysicalResourceId": "",
            "ResourceType": "AWS::EC2::Subnet",
            "Timestamp": "2026-06-22T22:10:00.498000+00:00",
            "ResourceStatus": "CREATE_IN_PROGRESS",
            "ResourceProperties": "{\"VpcId\":\"vpc-07d5043064bc9c05e\",\"MapPublicIpOnLaunch\":\"true\",\"AvailabilityZone\":\"us-west-1a\",\"CidrBlock\":\"10.0.0.0/24\",\"Tags\":[{\"Value\":\"eks-dev-public-1\",\"Key\":\"Name\"},{\"Value\":\"1\",\"Key\":\"kubernetes.io/role/elb\"},{\"Value\":\"shared\",\"Key\":\"kubernetes.io/cluster/dev\"}]}",
            "ClientRequestToken": "b1e66204-44ab-4a85-947d-5a722c58963d"
        },
        {
            "StackId": "arn:aws:cloudformation:us-west-1:311057178394:stack/eks-dev/0d4804e0-6e87-11f1-b40d-0625025ba0b3",
            "EventId": "RouteTable-CREATE_IN_PROGRESS-2026-06-22T22:10:00.488Z",
            "StackName": "eks-dev",
            "OperationId": "54741cc1-dc5a-40e6-b264-1be8b9dc60f6",
            "LogicalResourceId": "RouteTable",
            "PhysicalResourceId": "",
            "ResourceType": "AWS::EC2::RouteTable",
            "Timestamp": "2026-06-22T22:10:00.488000+00:00",
            "ResourceStatus": "CREATE_IN_PROGRESS",
            "ResourceProperties": "{\"VpcId\":\"vpc-07d5043064bc9c05e\",\"Tags\":[{\"Value\":\"eks-dev-public-rt\",\"Key\":\"Name\"}]}",
            "ClientRequestToken": "b1e66204-44ab-4a85-947d-5a722c58963d"
        },
        {
            "StackId": "arn:aws:cloudformation:us-west-1:311057178394:stack/eks-dev/0d4804e0-6e87-11f1-b40d-0625025ba0b3",
            "EventId": "PublicSubnet2-CREATE_IN_PROGRESS-2026-06-22T22:10:00.488Z",
            "StackName": "eks-dev",
            "OperationId": "54741cc1-dc5a-40e6-b264-1be8b9dc60f6",
            "LogicalResourceId": "PublicSubnet2",
            "PhysicalResourceId": "",
            "ResourceType": "AWS::EC2::Subnet",
            "Timestamp": "2026-06-22T22:10:00.488000+00:00",
            "ResourceStatus": "CREATE_IN_PROGRESS",
            "ResourceProperties": "{\"VpcId\":\"vpc-07d5043064bc9c05e\",\"MapPublicIpOnLaunch\":\"true\",\"AvailabilityZone\":\"us-west-1c\",\"CidrBlock\":\"10.0.1.0/24\",\"Tags\":[{\"Value\":\"eks-dev-public-2\",\"Key\":\"Name\"},{\"Value\":\"1\",\"Key\":\"kubernetes.io/role/elb\"},{\"Value\":\"shared\",\"Key\":\"kubernetes.io/cluster/dev\"}]}",
            "ClientRequestToken": "b1e66204-44ab-4a85-947d-5a722c58963d"
        },
        {
            "StackId": "arn:aws:cloudformation:us-west-1:311057178394:stack/eks-dev/0d4804e0-6e87-11f1-b40d-0625025ba0b3",
            "EventId": "VPC-CREATE_COMPLETE-2026-06-22T22:10:00.147Z",
            "StackName": "eks-dev",
            "OperationId": "54741cc1-dc5a-40e6-b264-1be8b9dc60f6",
            "LogicalResourceId": "VPC",
            "PhysicalResourceId": "vpc-07d5043064bc9c05e",
            "ResourceType": "AWS::EC2::VPC",
            "Timestamp": "2026-06-22T22:10:00.147000+00:00",
            "ResourceStatus": "CREATE_COMPLETE",
            "ResourceProperties": "{\"CidrBlock\":\"10.0.0.0/16\",\"EnableDnsSupport\":\"true\",\"EnableDnsHostnames\":\"true\",\"Tags\":[{\"Value\":\"eks-dev-vpc\",\"Key\":\"Name\"}]}",
            "ClientRequestToken": "b1e66204-44ab-4a85-947d-5a722c58963d"
        },
        {
            "StackId": "arn:aws:cloudformation:us-west-1:311057178394:stack/eks-dev/0d4804e0-6e87-11f1-b40d-0625025ba0b3",
            "EventId": "InternetGateway-bd239c19-f99e-491e-b188-923c49f63fd6",
            "StackName": "eks-dev",
            "OperationId": "54741cc1-dc5a-40e6-b264-1be8b9dc60f6",
            "LogicalResourceId": "InternetGateway",
            "PhysicalResourceId": "igw-0b6943acce57002c1",
            "ResourceType": "AWS::EC2::InternetGateway",
            "Timestamp": "2026-06-22T22:09:48.480000+00:00",
            "ResourceStatus": "CREATE_IN_PROGRESS",
            "ResourceStatusReason": "Eventual consistency check initiated",
            "ClientRequestToken": "b1e66204-44ab-4a85-947d-5a722c58963d",
            "DetailedStatus": "CONFIGURATION_COMPLETE"
        },
        {
            "StackId": "arn:aws:cloudformation:us-west-1:311057178394:stack/eks-dev/0d4804e0-6e87-11f1-b40d-0625025ba0b3",
            "EventId": "NodeRole-CREATE_IN_PROGRESS-2026-06-22T22:09:48.466Z",
            "StackName": "eks-dev",
            "OperationId": "54741cc1-dc5a-40e6-b264-1be8b9dc60f6",
            "LogicalResourceId": "NodeRole",
            "PhysicalResourceId": "eks-dev-NodeRole-VoNzj2uE7MxD",
            "ResourceType": "AWS::IAM::Role",
            "Timestamp": "2026-06-22T22:09:48.466000+00:00",
            "ResourceStatus": "CREATE_IN_PROGRESS",
            "ResourceStatusReason": "Resource creation Initiated",
            "ResourceProperties": "{\"ManagedPolicyArns\":[\"arn:aws:iam::aws:policy/AmazonEKSWorkerNodePolicy\",\"arn:aws:iam::aws:policy/AmazonEKS_CNI_Policy\",\"arn:aws:iam::aws:policy/AmazonEC2ContainerRegistryReadOnly\"],\"AssumeRolePolicyDocument\":{\"Version\":\"2012-10-17\",\"Statement\":[{\"Action\":\"sts:AssumeRole\",\"Effect\":\"Allow\",\"Principal\":{\"Service\":\"ec2.amazonaws.com\"}}]}}",
            "ClientRequestToken": "b1e66204-44ab-4a85-947d-5a722c58963d"
        },
        {
            "StackId": "arn:aws:cloudformation:us-west-1:311057178394:stack/eks-dev/0d4804e0-6e87-11f1-b40d-0625025ba0b3",
            "EventId": "VPC-CREATE_IN_PROGRESS-2026-06-22T22:09:48.464Z",
            "StackName": "eks-dev",
            "OperationId": "54741cc1-dc5a-40e6-b264-1be8b9dc60f6",
            "LogicalResourceId": "VPC",
            "PhysicalResourceId": "vpc-07d5043064bc9c05e",
            "ResourceType": "AWS::EC2::VPC",
            "Timestamp": "2026-06-22T22:09:48.464000+00:00",
            "ResourceStatus": "CREATE_IN_PROGRESS",
            "ResourceStatusReason": "Resource creation Initiated",
            "ResourceProperties": "{\"CidrBlock\":\"10.0.0.0/16\",\"EnableDnsSupport\":\"true\",\"EnableDnsHostnames\":\"true\",\"Tags\":[{\"Value\":\"eks-dev-vpc\",\"Key\":\"Name\"}]}",
            "ClientRequestToken": "b1e66204-44ab-4a85-947d-5a722c58963d"
        },
        {
            "StackId": "arn:aws:cloudformation:us-west-1:311057178394:stack/eks-dev/0d4804e0-6e87-11f1-b40d-0625025ba0b3",
            "EventId": "ClusterRole-CREATE_IN_PROGRESS-2026-06-22T22:09:48.215Z",
            "StackName": "eks-dev",
            "OperationId": "54741cc1-dc5a-40e6-b264-1be8b9dc60f6",
            "LogicalResourceId": "ClusterRole",
            "PhysicalResourceId": "eks-dev-ClusterRole-O0VLsd1vvHKL",
            "ResourceType": "AWS::IAM::Role",
            "Timestamp": "2026-06-22T22:09:48.215000+00:00",
            "ResourceStatus": "CREATE_IN_PROGRESS",
            "ResourceStatusReason": "Resource creation Initiated",
            "ResourceProperties": "{\"ManagedPolicyArns\":[\"arn:aws:iam::aws:policy/AmazonEKSClusterPolicy\"],\"AssumeRolePolicyDocument\":{\"Version\":\"2012-10-17\",\"Statement\":[{\"Action\":\"sts:AssumeRole\",\"Effect\":\"Allow\",\"Principal\":{\"Service\":\"eks.amazonaws.com\"}}]}}",
            "ClientRequestToken": "b1e66204-44ab-4a85-947d-5a722c58963d"
        },
        {
            "StackId": "arn:aws:cloudformation:us-west-1:311057178394:stack/eks-dev/0d4804e0-6e87-11f1-b40d-0625025ba0b3",
            "EventId": "InternetGateway-CREATE_IN_PROGRESS-2026-06-22T22:09:48.003Z",
            "StackName": "eks-dev",
            "OperationId": "54741cc1-dc5a-40e6-b264-1be8b9dc60f6",
            "LogicalResourceId": "InternetGateway",
            "PhysicalResourceId": "igw-0b6943acce57002c1",
            "ResourceType": "AWS::EC2::InternetGateway",
            "Timestamp": "2026-06-22T22:09:48.003000+00:00",
            "ResourceStatus": "CREATE_IN_PROGRESS",
            "ResourceStatusReason": "Resource creation Initiated",
            "ResourceProperties": "{\"Tags\":[{\"Value\":\"eks-dev-igw\",\"Key\":\"Name\"}]}",
            "ClientRequestToken": "b1e66204-44ab-4a85-947d-5a722c58963d"
        },
        {
            "StackId": "arn:aws:cloudformation:us-west-1:311057178394:stack/eks-dev/0d4804e0-6e87-11f1-b40d-0625025ba0b3",
            "EventId": "NodeRole-CREATE_IN_PROGRESS-2026-06-22T22:09:47.113Z",
            "StackName": "eks-dev",
            "OperationId": "54741cc1-dc5a-40e6-b264-1be8b9dc60f6",
            "LogicalResourceId": "NodeRole",
            "PhysicalResourceId": "",
            "ResourceType": "AWS::IAM::Role",
            "Timestamp": "2026-06-22T22:09:47.113000+00:00",
            "ResourceStatus": "CREATE_IN_PROGRESS",
            "ResourceProperties": "{\"ManagedPolicyArns\":[\"arn:aws:iam::aws:policy/AmazonEKSWorkerNodePolicy\",\"arn:aws:iam::aws:policy/AmazonEKS_CNI_Policy\",\"arn:aws:iam::aws:policy/AmazonEC2ContainerRegistryReadOnly\"],\"AssumeRolePolicyDocument\":{\"Version\":\"2012-10-17\",\"Statement\":[{\"Action\":\"sts:AssumeRole\",\"Effect\":\"Allow\",\"Principal\":{\"Service\":\"ec2.amazonaws.com\"}}]}}",
            "ClientRequestToken": "b1e66204-44ab-4a85-947d-5a722c58963d"
        },
        {
            "StackId": "arn:aws:cloudformation:us-west-1:311057178394:stack/eks-dev/0d4804e0-6e87-11f1-b40d-0625025ba0b3",
            "EventId": "ClusterRole-CREATE_IN_PROGRESS-2026-06-22T22:09:47.112Z",
            "StackName": "eks-dev",
            "OperationId": "54741cc1-dc5a-40e6-b264-1be8b9dc60f6",
            "LogicalResourceId": "ClusterRole",
            "PhysicalResourceId": "",
            "ResourceType": "AWS::IAM::Role",
            "Timestamp": "2026-06-22T22:09:47.112000+00:00",
            "ResourceStatus": "CREATE_IN_PROGRESS",
            "ResourceProperties": "{\"ManagedPolicyArns\":[\"arn:aws:iam::aws:policy/AmazonEKSClusterPolicy\"],\"AssumeRolePolicyDocument\":{\"Version\":\"2012-10-17\",\"Statement\":[{\"Action\":\"sts:AssumeRole\",\"Effect\":\"Allow\",\"Principal\":{\"Service\":\"eks.amazonaws.com\"}}]}}",
            "ClientRequestToken": "b1e66204-44ab-4a85-947d-5a722c58963d"
        },
        {
            "StackId": "arn:aws:cloudformation:us-west-1:311057178394:stack/eks-dev/0d4804e0-6e87-11f1-b40d-0625025ba0b3",
            "EventId": "InternetGateway-CREATE_IN_PROGRESS-2026-06-22T22:09:47.095Z",
            "StackName": "eks-dev",
            "OperationId": "54741cc1-dc5a-40e6-b264-1be8b9dc60f6",
            "LogicalResourceId": "InternetGateway",
            "PhysicalResourceId": "",
            "ResourceType": "AWS::EC2::InternetGateway",
            "Timestamp": "2026-06-22T22:09:47.095000+00:00",
            "ResourceStatus": "CREATE_IN_PROGRESS",
            "ResourceProperties": "{\"Tags\":[{\"Value\":\"eks-dev-igw\",\"Key\":\"Name\"}]}",
            "ClientRequestToken": "b1e66204-44ab-4a85-947d-5a722c58963d"
        },
        {
            "StackId": "arn:aws:cloudformation:us-west-1:311057178394:stack/eks-dev/0d4804e0-6e87-11f1-b40d-0625025ba0b3",
            "EventId": "VPC-CREATE_IN_PROGRESS-2026-06-22T22:09:47.093Z",
            "StackName": "eks-dev",
            "OperationId": "54741cc1-dc5a-40e6-b264-1be8b9dc60f6",
            "LogicalResourceId": "VPC",
            "PhysicalResourceId": "",
            "ResourceType": "AWS::EC2::VPC",
            "Timestamp": "2026-06-22T22:09:47.093000+00:00",
            "ResourceStatus": "CREATE_IN_PROGRESS",
            "ResourceProperties": "{\"CidrBlock\":\"10.0.0.0/16\",\"EnableDnsSupport\":\"true\",\"EnableDnsHostnames\":\"true\",\"Tags\":[{\"Value\":\"eks-dev-vpc\",\"Key\":\"Name\"}]}",
            "ClientRequestToken": "b1e66204-44ab-4a85-947d-5a722c58963d"
        },
        {
            "StackId": "arn:aws:cloudformation:us-west-1:311057178394:stack/eks-dev/0d4804e0-6e87-11f1-b40d-0625025ba0b3",
            "EventId": "139ea380-6e87-11f1-9f97-0230136b4eef",
            "StackName": "eks-dev",
            "OperationId": "54741cc1-dc5a-40e6-b264-1be8b9dc60f6",
            "LogicalResourceId": "eks-dev",
            "PhysicalResourceId": "arn:aws:cloudformation:us-west-1:311057178394:stack/eks-dev/0d4804e0-6e87-11f1-b40d-0625025ba0b3",
            "ResourceType": "AWS::CloudFormation::Stack",
            "Timestamp": "2026-06-22T22:09:45.380000+00:00",
            "ResourceStatus": "CREATE_IN_PROGRESS",
            "ResourceStatusReason": "User Initiated",
            "ClientRequestToken": "b1e66204-44ab-4a85-947d-5a722c58963d"
        },
        {
            "StackId": "arn:aws:cloudformation:us-west-1:311057178394:stack/eks-dev/0d4804e0-6e87-11f1-b40d-0625025ba0b3",
            "EventId": "0d4768a0-6e87-11f1-b40d-0625025ba0b3",
            "StackName": "eks-dev",
            "LogicalResourceId": "eks-dev",
            "PhysicalResourceId": "arn:aws:cloudformation:us-west-1:311057178394:stack/eks-dev/0d4804e0-6e87-11f1-b40d-0625025ba0b3",
            "ResourceType": "AWS::CloudFormation::Stack",
            "Timestamp": "2026-06-22T22:09:34.841000+00:00",
            "ResourceStatus": "REVIEW_IN_PROGRESS",
            "ResourceStatusReason": "User Initiated"
        }
    ]
}
